<?xml version="1.0" encoding="UTF-8"?>
<testsuite xmlns:xsi="http://www.w3.org/2001/XMLSchema-instance" xsi:noNamespaceSchemaLocation="https://maven.apache.org/surefire/maven-surefire-plugin/xsd/surefire-test-report.xsd" name="com.dongbiao.operatedynamodb.MoviesApplicationTests" time="2.501" tests="1" errors="0" skipped="0" failures="0">
  <properties>
    <property name="gopherProxySet" value="false"/>
    <property name="awt.toolkit" value="sun.lwawt.macosx.LWCToolkit"/>
    <property name="file.encoding.pkg" value="sun.io"/>
    <property name="java.specification.version" value="1.8"/>
    <property name="sun.cpu.isalist" value=""/>
    <property name="sun.jnu.encoding" value="UTF-8"/>
    <property name="java.class.path" value="/Users/dongbiao/Projects/movies/target/test-classes:/Users/dongbiao/Projects/movies/target/classes:/Users/dongbiao/.m2/repository/org/springframework/boot/spring-boot-starter-web/2.2.6.RELEASE/spring-boot-starter-web-2.2.6.RELEASE.jar:/Users/dongbiao/.m2/repository/org/springframework/boot/spring-boot-starter/2.2.6.RELEASE/spring-boot-starter-2.2.6.RELEASE.jar:/Users/dongbiao/.m2/repository/org/springframework/boot/spring-boot/2.2.6.RELEASE/spring-boot-2.2.6.RELEASE.jar:/Users/dongbiao/.m2/repository/org/springframework/boot/spring-boot-autoconfigure/2.2.6.RELEASE/spring-boot-autoconfigure-2.2.6.RELEASE.jar:/Users/dongbiao/.m2/repository/org/springframework/boot/spring-boot-starter-logging/2.2.6.RELEASE/spring-boot-starter-logging-2.2.6.RELEASE.jar:/Users/dongbiao/.m2/repository/org/apache/logging/log4j/log4j-to-slf4j/2.12.1/log4j-to-slf4j-2.12.1.jar:/Users/dongbiao/.m2/repository/org/apache/logging/log4j/log4j-api/2.12.1/log4j-api-2.12.1.jar:/Users/dongbiao/.m2/repository/org/slf4j/jul-to-slf4j/1.7.30/jul-to-slf4j-1.7.30.jar:/Users/dongbiao/.m2/repository/jakarta/annotation/jakarta.annotation-api/1.3.5/jakarta.annotation-api-1.3.5.jar:/Users/dongbiao/.m2/repository/org/yaml/snakeyaml/1.25/snakeyaml-1.25.jar:/Users/dongbiao/.m2/repository/org/springframework/boot/spring-boot-starter-json/2.2.6.RELEASE/spring-boot-starter-json-2.2.6.RELEASE.jar:/Users/dongbiao/.m2/repository/com/fasterxml/jackson/core/jackson-databind/2.10.3/jackson-databind-2.10.3.jar:/Users/dongbiao/.m2/repository/com/fasterxml/jackson/core/jackson-annotations/2.10.3/jackson-annotations-2.10.3.jar:/Users/dongbiao/.m2/repository/com/fasterxml/jackson/core/jackson-core/2.10.3/jackson-core-2.10.3.jar:/Users/dongbiao/.m2/repository/com/fasterxml/jackson/datatype/jackson-datatype-jdk8/2.10.3/jackson-datatype-jdk8-2.10.3.jar:/Users/dongbiao/.m2/repository/com/fasterxml/jackson/datatype/jackson-datatype-jsr310/2.10.3/jackson-datatype-jsr310-2.10.3.jar:/Users/dongbiao/.m2/repository/com/fasterxml/jackson/module/jackson-module-parameter-names/2.10.3/jackson-module-parameter-names-2.10.3.jar:/Users/dongbiao/.m2/repository/org/springframework/boot/spring-boot-starter-tomcat/2.2.6.RELEASE/spring-boot-starter-tomcat-2.2.6.RELEASE.jar:/Users/dongbiao/.m2/repository/org/apache/tomcat/embed/tomcat-embed-core/9.0.33/tomcat-embed-core-9.0.33.jar:/Users/dongbiao/.m2/repository/org/apache/tomcat/embed/tomcat-embed-el/9.0.33/tomcat-embed-el-9.0.33.jar:/Users/dongbiao/.m2/repository/org/apache/tomcat/embed/tomcat-embed-websocket/9.0.33/tomcat-embed-websocket-9.0.33.jar:/Users/dongbiao/.m2/repository/org/springframework/boot/spring-boot-starter-validation/2.2.6.RELEASE/spring-boot-starter-validation-2.2.6.RELEASE.jar:/Users/dongbiao/.m2/repository/jakarta/validation/jakarta.validation-api/2.0.2/jakarta.validation-api-2.0.2.jar:/Users/dongbiao/.m2/repository/org/springframework/spring-web/5.2.5.RELEASE/spring-web-5.2.5.RELEASE.jar:/Users/dongbiao/.m2/repository/org/springframework/spring-beans/5.2.5.RELEASE/spring-beans-5.2.5.RELEASE.jar:/Users/dongbiao/.m2/repository/org/springframework/spring-webmvc/5.2.5.RELEASE/spring-webmvc-5.2.5.RELEASE.jar:/Users/dongbiao/.m2/repository/org/springframework/spring-aop/5.2.5.RELEASE/spring-aop-5.2.5.RELEASE.jar:/Users/dongbiao/.m2/repository/org/springframework/spring-expression/5.2.5.RELEASE/spring-expression-5.2.5.RELEASE.jar:/Users/dongbiao/.m2/repository/org/springframework/boot/spring-boot-starter-test/2.2.6.RELEASE/spring-boot-starter-test-2.2.6.RELEASE.jar:/Users/dongbiao/.m2/repository/org/springframework/boot/spring-boot-test/2.2.6.RELEASE/spring-boot-test-2.2.6.RELEASE.jar:/Users/dongbiao/.m2/repository/org/springframework/boot/spring-boot-test-autoconfigure/2.2.6.RELEASE/spring-boot-test-autoconfigure-2.2.6.RELEASE.jar:/Users/dongbiao/.m2/repository/com/jayway/jsonpath/json-path/2.4.0/json-path-2.4.0.jar:/Users/dongbiao/.m2/repository/net/minidev/json-smart/2.3/json-smart-2.3.jar:/Users/dongbiao/.m2/repository/net/minidev/accessors-smart/1.2/accessors-smart-1.2.jar:/Users/dongbiao/.m2/repository/org/ow2/asm/asm/5.0.4/asm-5.0.4.jar:/Users/dongbiao/.m2/repository/jakarta/xml/bind/jakarta.xml.bind-api/2.3.3/jakarta.xml.bind-api-2.3.3.jar:/Users/dongbiao/.m2/repository/jakarta/activation/jakarta.activation-api/1.2.2/jakarta.activation-api-1.2.2.jar:/Users/dongbiao/.m2/repository/org/junit/jupiter/junit-jupiter/5.5.2/junit-jupiter-5.5.2.jar:/Users/dongbiao/.m2/repository/org/junit/jupiter/junit-jupiter-api/5.5.2/junit-jupiter-api-5.5.2.jar:/Users/dongbiao/.m2/repository/org/apiguardian/apiguardian-api/1.1.0/apiguardian-api-1.1.0.jar:/Users/dongbiao/.m2/repository/org/opentest4j/opentest4j/1.2.0/opentest4j-1.2.0.jar:/Users/dongbiao/.m2/repository/org/junit/platform/junit-platform-commons/1.5.2/junit-platform-commons-1.5.2.jar:/Users/dongbiao/.m2/repository/org/junit/jupiter/junit-jupiter-params/5.5.2/junit-jupiter-params-5.5.2.jar:/Users/dongbiao/.m2/repository/org/junit/jupiter/junit-jupiter-engine/5.5.2/junit-jupiter-engine-5.5.2.jar:/Users/dongbiao/.m2/repository/org/junit/platform/junit-platform-engine/1.5.2/junit-platform-engine-1.5.2.jar:/Users/dongbiao/.m2/repository/org/mockito/mockito-junit-jupiter/3.1.0/mockito-junit-jupiter-3.1.0.jar:/Users/dongbiao/.m2/repository/org/assertj/assertj-core/3.13.2/assertj-core-3.13.2.jar:/Users/dongbiao/.m2/repository/org/hamcrest/hamcrest/2.1/hamcrest-2.1.jar:/Users/dongbiao/.m2/repository/org/mockito/mockito-core/3.1.0/mockito-core-3.1.0.jar:/Users/dongbiao/.m2/repository/net/bytebuddy/byte-buddy/1.10.8/byte-buddy-1.10.8.jar:/Users/dongbiao/.m2/repository/net/bytebuddy/byte-buddy-agent/1.10.8/byte-buddy-agent-1.10.8.jar:/Users/dongbiao/.m2/repository/org/objenesis/objenesis/2.6/objenesis-2.6.jar:/Users/dongbiao/.m2/repository/org/skyscreamer/jsonassert/1.5.0/jsonassert-1.5.0.jar:/Users/dongbiao/.m2/repository/com/vaadin/external/google/android-json/0.0.20131108.vaadin1/android-json-0.0.20131108.vaadin1.jar:/Users/dongbiao/.m2/repository/org/springframework/spring-core/5.2.5.RELEASE/spring-core-5.2.5.RELEASE.jar:/Users/dongbiao/.m2/repository/org/springframework/spring-jcl/5.2.5.RELEASE/spring-jcl-5.2.5.RELEASE.jar:/Users/dongbiao/.m2/repository/org/springframework/spring-test/5.2.5.RELEASE/spring-test-5.2.5.RELEASE.jar:/Users/dongbiao/.m2/repository/org/xmlunit/xmlunit-core/2.6.4/xmlunit-core-2.6.4.jar:/Users/dongbiao/.m2/repository/com/michelboudreau/alternator/0.12.0/alternator-0.12.0.jar:/Users/dongbiao/.m2/repository/org/apache/geronimo/specs/geronimo-servlet_3.0_spec/1.0/geronimo-servlet_3.0_spec-1.0.jar:/Users/dongbiao/.m2/repository/org/slf4j/slf4j-api/1.7.30/slf4j-api-1.7.30.jar:/Users/dongbiao/.m2/repository/org/slf4j/log4j-over-slf4j/1.7.30/log4j-over-slf4j-1.7.30.jar:/Users/dongbiao/.m2/repository/ch/qos/logback/logback-classic/1.2.3/logback-classic-1.2.3.jar:/Users/dongbiao/.m2/repository/ch/qos/logback/logback-core/1.2.3/logback-core-1.2.3.jar:/Users/dongbiao/.m2/repository/com/amazonaws/aws-java-sdk/1.10.5.1/aws-java-sdk-1.10.5.1.jar:/Users/dongbiao/.m2/repository/com/amazonaws/aws-java-sdk-support/1.10.5.1/aws-java-sdk-support-1.10.5.1.jar:/Users/dongbiao/.m2/repository/com/amazonaws/aws-java-sdk-simpledb/1.10.5.1/aws-java-sdk-simpledb-1.10.5.1.jar:/Users/dongbiao/.m2/repository/com/amazonaws/aws-java-sdk-simpleworkflow/1.10.5.1/aws-java-sdk-simpleworkflow-1.10.5.1.jar:/Users/dongbiao/.m2/repository/com/amazonaws/aws-java-sdk-storagegateway/1.10.5.1/aws-java-sdk-storagegateway-1.10.5.1.jar:/Users/dongbiao/.m2/repository/com/amazonaws/aws-java-sdk-route53/1.10.5.1/aws-java-sdk-route53-1.10.5.1.jar:/Users/dongbiao/.m2/repository/com/amazonaws/aws-java-sdk-importexport/1.10.5.1/aws-java-sdk-importexport-1.10.5.1.jar:/Users/dongbiao/.m2/repository/com/amazonaws/aws-java-sdk-sts/1.10.5.1/aws-java-sdk-sts-1.10.5.1.jar:/Users/dongbiao/.m2/repository/com/amazonaws/aws-java-sdk-sqs/1.10.5.1/aws-java-sdk-sqs-1.10.5.1.jar:/Users/dongbiao/.m2/repository/com/amazonaws/aws-java-sdk-rds/1.10.5.1/aws-java-sdk-rds-1.10.5.1.jar:/Users/dongbiao/.m2/repository/com/amazonaws/aws-java-sdk-redshift/1.10.5.1/aws-java-sdk-redshift-1.10.5.1.jar:/Users/dongbiao/.m2/repository/com/amazonaws/aws-java-sdk-elasticbeanstalk/1.10.5.1/aws-java-sdk-elasticbeanstalk-1.10.5.1.jar:/Users/dongbiao/.m2/repository/com/amazonaws/aws-java-sdk-glacier/1.10.5.1/aws-java-sdk-glacier-1.10.5.1.jar:/Users/dongbiao/.m2/repository/com/amazonaws/aws-java-sdk-iam/1.10.5.1/aws-java-sdk-iam-1.10.5.1.jar:/Users/dongbiao/.m2/repository/com/amazonaws/aws-java-sdk-datapipeline/1.10.5.1/aws-java-sdk-datapipeline-1.10.5.1.jar:/Users/dongbiao/.m2/repository/com/amazonaws/aws-java-sdk-elasticloadbalancing/1.10.5.1/aws-java-sdk-elasticloadbalancing-1.10.5.1.jar:/Users/dongbiao/.m2/repository/com/amazonaws/aws-java-sdk-emr/1.10.5.1/aws-java-sdk-emr-1.10.5.1.jar:/Users/dongbiao/.m2/repository/com/amazonaws/aws-java-sdk-elasticache/1.10.5.1/aws-java-sdk-elasticache-1.10.5.1.jar:/Users/dongbiao/.m2/repository/com/amazonaws/aws-java-sdk-elastictranscoder/1.10.5.1/aws-java-sdk-elastictranscoder-1.10.5.1.jar:/Users/dongbiao/.m2/repository/com/amazonaws/aws-java-sdk-ec2/1.10.5.1/aws-java-sdk-ec2-1.10.5.1.jar:/Users/dongbiao/.m2/repository/com/amazonaws/aws-java-sdk-sns/1.10.5.1/aws-java-sdk-sns-1.10.5.1.jar:/Users/dongbiao/.m2/repository/com/amazonaws/aws-java-sdk-cloudtrail/1.10.5.1/aws-java-sdk-cloudtrail-1.10.5.1.jar:/Users/dongbiao/.m2/repository/com/amazonaws/aws-java-sdk-cloudwatch/1.10.5.1/aws-java-sdk-cloudwatch-1.10.5.1.jar:/Users/dongbiao/.m2/repository/com/amazonaws/aws-java-sdk-logs/1.10.5.1/aws-java-sdk-logs-1.10.5.1.jar:/Users/dongbiao/.m2/repository/com/amazonaws/aws-java-sdk-cognitoidentity/1.10.5.1/aws-java-sdk-cognitoidentity-1.10.5.1.jar:/Users/dongbiao/.m2/repository/com/amazonaws/aws-java-sdk-cognitosync/1.10.5.1/aws-java-sdk-cognitosync-1.10.5.1.jar:/Users/dongbiao/.m2/repository/com/amazonaws/aws-java-sdk-directconnect/1.10.5.1/aws-java-sdk-directconnect-1.10.5.1.jar:/Users/dongbiao/.m2/repository/com/amazonaws/aws-java-sdk-cloudformation/1.10.5.1/aws-java-sdk-cloudformation-1.10.5.1.jar:/Users/dongbiao/.m2/repository/com/amazonaws/aws-java-sdk-cloudfront/1.10.5.1/aws-java-sdk-cloudfront-1.10.5.1.jar:/Users/dongbiao/.m2/repository/com/amazonaws/aws-java-sdk-kinesis/1.10.5.1/aws-java-sdk-kinesis-1.10.5.1.jar:/Users/dongbiao/.m2/repository/com/amazonaws/aws-java-sdk-opsworks/1.10.5.1/aws-java-sdk-opsworks-1.10.5.1.jar:/Users/dongbiao/.m2/repository/com/amazonaws/aws-java-sdk-ses/1.10.5.1/aws-java-sdk-ses-1.10.5.1.jar:/Users/dongbiao/.m2/repository/com/amazonaws/aws-java-sdk-autoscaling/1.10.5.1/aws-java-sdk-autoscaling-1.10.5.1.jar:/Users/dongbiao/.m2/repository/com/amazonaws/aws-java-sdk-cloudsearch/1.10.5.1/aws-java-sdk-cloudsearch-1.10.5.1.jar:/Users/dongbiao/.m2/repository/com/amazonaws/aws-java-sdk-cloudwatchmetrics/1.10.5.1/aws-java-sdk-cloudwatchmetrics-1.10.5.1.jar:/Users/dongbiao/.m2/repository/com/amazonaws/aws-java-sdk-swf-libraries/1.10.5.1/aws-java-sdk-swf-libraries-1.10.5.1.jar:/Users/dongbiao/.m2/repository/com/amazonaws/aws-java-sdk-codedeploy/1.10.5.1/aws-java-sdk-codedeploy-1.10.5.1.jar:/Users/dongbiao/.m2/repository/com/amazonaws/aws-java-sdk-codepipeline/1.10.5.1/aws-java-sdk-codepipeline-1.10.5.1.jar:/Users/dongbiao/.m2/repository/com/amazonaws/aws-java-sdk-kms/1.10.5.1/aws-java-sdk-kms-1.10.5.1.jar:/Users/dongbiao/.m2/repository/com/amazonaws/aws-java-sdk-config/1.10.5.1/aws-java-sdk-config-1.10.5.1.jar:/Users/dongbiao/.m2/repository/com/amazonaws/aws-java-sdk-lambda/1.10.5.1/aws-java-sdk-lambda-1.10.5.1.jar:/Users/dongbiao/.m2/repository/com/amazonaws/aws-java-sdk-ecs/1.10.5.1/aws-java-sdk-ecs-1.10.5.1.jar:/Users/dongbiao/.m2/repository/com/amazonaws/aws-java-sdk-cloudhsm/1.10.5.1/aws-java-sdk-cloudhsm-1.10.5.1.jar:/Users/dongbiao/.m2/repository/com/amazonaws/aws-java-sdk-ssm/1.10.5.1/aws-java-sdk-ssm-1.10.5.1.jar:/Users/dongbiao/.m2/repository/com/amazonaws/aws-java-sdk-workspaces/1.10.5.1/aws-java-sdk-workspaces-1.10.5.1.jar:/Users/dongbiao/.m2/repository/com/amazonaws/aws-java-sdk-machinelearning/1.10.5.1/aws-java-sdk-machinelearning-1.10.5.1.jar:/Users/dongbiao/.m2/repository/com/amazonaws/aws-java-sdk-directory/1.10.5.1/aws-java-sdk-directory-1.10.5.1.jar:/Users/dongbiao/.m2/repository/com/amazonaws/aws-java-sdk-efs/1.10.5.1/aws-java-sdk-efs-1.10.5.1.jar:/Users/dongbiao/.m2/repository/com/amazonaws/aws-java-sdk-codecommit/1.10.5.1/aws-java-sdk-codecommit-1.10.5.1.jar:/Users/dongbiao/.m2/repository/com/amazonaws/aws-java-sdk-devicefarm/1.10.5.1/aws-java-sdk-devicefarm-1.10.5.1.jar:/Users/dongbiao/.m2/repository/org/eclipse/jetty/jetty-server/9.4.27.v20200227/jetty-server-9.4.27.v20200227.jar:/Users/dongbiao/.m2/repository/javax/servlet/javax.servlet-api/4.0.1/javax.servlet-api-4.0.1.jar:/Users/dongbiao/.m2/repository/org/eclipse/jetty/jetty-http/9.4.27.v20200227/jetty-http-9.4.27.v20200227.jar:/Users/dongbiao/.m2/repository/org/eclipse/jetty/jetty-util/9.4.27.v20200227/jetty-util-9.4.27.v20200227.jar:/Users/dongbiao/.m2/repository/org/eclipse/jetty/jetty-io/9.4.27.v20200227/jetty-io-9.4.27.v20200227.jar:/Users/dongbiao/.m2/repository/org/eclipse/jetty/jetty-servlet/9.4.27.v20200227/jetty-servlet-9.4.27.v20200227.jar:/Users/dongbiao/.m2/repository/org/eclipse/jetty/jetty-security/9.4.27.v20200227/jetty-security-9.4.27.v20200227.jar:/Users/dongbiao/.m2/repository/javax/inject/javax.inject/1/javax.inject-1.jar:/Users/dongbiao/.m2/repository/cglib/cglib-nodep/2.2.2/cglib-nodep-2.2.2.jar:/Users/dongbiao/.m2/repository/com/amazonaws/aws-java-sdk-dynamodb/1.11.135/aws-java-sdk-dynamodb-1.11.135.jar:/Users/dongbiao/.m2/repository/com/amazonaws/aws-java-sdk-s3/1.11.135/aws-java-sdk-s3-1.11.135.jar:/Users/dongbiao/.m2/repository/com/amazonaws/aws-java-sdk-core/1.11.135/aws-java-sdk-core-1.11.135.jar:/Users/dongbiao/.m2/repository/commons-logging/commons-logging/1.1.3/commons-logging-1.1.3.jar:/Users/dongbiao/.m2/repository/org/apache/httpcomponents/httpclient/4.5.12/httpclient-4.5.12.jar:/Users/dongbiao/.m2/repository/org/apache/httpcomponents/httpcore/4.4.13/httpcore-4.4.13.jar:/Users/dongbiao/.m2/repository/commons-codec/commons-codec/1.13/commons-codec-1.13.jar:/Users/dongbiao/.m2/repository/software/amazon/ion/ion-java/1.0.2/ion-java-1.0.2.jar:/Users/dongbiao/.m2/repository/com/fasterxml/jackson/dataformat/jackson-dataformat-cbor/2.10.3/jackson-dataformat-cbor-2.10.3.jar:/Users/dongbiao/.m2/repository/joda-time/joda-time/2.10.5/joda-time-2.10.5.jar:/Users/dongbiao/.m2/repository/com/amazonaws/jmespath-java/1.11.135/jmespath-java-1.11.135.jar:/Users/dongbiao/.m2/repository/com/github/derjust/spring-data-dynamodb/5.1.0/spring-data-dynamodb-5.1.0.jar:/Users/dongbiao/.m2/repository/org/springframework/spring-context/5.2.5.RELEASE/spring-context-5.2.5.RELEASE.jar:/Users/dongbiao/.m2/repository/org/springframework/spring-tx/5.2.5.RELEASE/spring-tx-5.2.5.RELEASE.jar:/Users/dongbiao/.m2/repository/org/springframework/data/spring-data-commons/2.1.16.RELEASE/spring-data-commons-2.1.16.RELEASE.jar:/Users/dongbiao/.m2/repository/org/hibernate/validator/hibernate-validator/6.0.18.Final/hibernate-validator-6.0.18.Final.jar:/Users/dongbiao/.m2/repository/javax/validation/validation-api/2.0.1.Final/validation-api-2.0.1.Final.jar:/Users/dongbiao/.m2/repository/org/jboss/logging/jboss-logging/3.4.1.Final/jboss-logging-3.4.1.Final.jar:/Users/dongbiao/.m2/repository/com/fasterxml/classmate/1.5.1/classmate-1.5.1.jar:/Users/dongbiao/.m2/repository/javax/enterprise/cdi-api/1.2/cdi-api-1.2.jar:/Users/dongbiao/.m2/repository/javax/el/javax.el-api/3.0.0/javax.el-api-3.0.0.jar:/Users/dongbiao/.m2/repository/javax/interceptor/javax.interceptor-api/1.2/javax.interceptor-api-1.2.jar:"/>
    <property name="java.vm.vendor" value="AdoptOpenJDK"/>
    <property name="sun.arch.data.model" value="64"/>
    <property name="java.vendor.url" value="http://java.oracle.com/"/>
    <property name="user.timezone" value=""/>
    <property name="java.vm.specification.version" value="1.8"/>
    <property name="os.name" value="Mac OS X"/>
    <property name="user.country" value="CN"/>
    <property name="sun.java.launcher" value="SUN_STANDARD"/>
    <property name="sun.boot.library.path" value="/Library/Java/JavaVirtualMachines/adoptopenjdk-8.jdk/Contents/Home/jre/lib"/>
    <property name="sun.java.command" value="/Users/dongbiao/Projects/movies/target/surefire/surefirebooter1460700646984127120.jar /Users/dongbiao/Projects/movies/target/surefire 2020-05-05T23-53-20_052-jvmRun1 surefire585580007652195457tmp surefire_08403839820124595340tmp"/>
    <property name="surefire.test.class.path" value="/Users/dongbiao/Projects/movies/target/test-classes:/Users/dongbiao/Projects/movies/target/classes:/Users/dongbiao/.m2/repository/org/springframework/boot/spring-boot-starter-web/2.2.6.RELEASE/spring-boot-starter-web-2.2.6.RELEASE.jar:/Users/dongbiao/.m2/repository/org/springframework/boot/spring-boot-starter/2.2.6.RELEASE/spring-boot-starter-2.2.6.RELEASE.jar:/Users/dongbiao/.m2/repository/org/springframework/boot/spring-boot/2.2.6.RELEASE/spring-boot-2.2.6.RELEASE.jar:/Users/dongbiao/.m2/repository/org/springframework/boot/spring-boot-autoconfigure/2.2.6.RELEASE/spring-boot-autoconfigure-2.2.6.RELEASE.jar:/Users/dongbiao/.m2/repository/org/springframework/boot/spring-boot-starter-logging/2.2.6.RELEASE/spring-boot-starter-logging-2.2.6.RELEASE.jar:/Users/dongbiao/.m2/repository/org/apache/logging/log4j/log4j-to-slf4j/2.12.1/log4j-to-slf4j-2.12.1.jar:/Users/dongbiao/.m2/repository/org/apache/logging/log4j/log4j-api/2.12.1/log4j-api-2.12.1.jar:/Users/dongbiao/.m2/repository/org/slf4j/jul-to-slf4j/1.7.30/jul-to-slf4j-1.7.30.jar:/Users/dongbiao/.m2/repository/jakarta/annotation/jakarta.annotation-api/1.3.5/jakarta.annotation-api-1.3.5.jar:/Users/dongbiao/.m2/repository/org/yaml/snakeyaml/1.25/snakeyaml-1.25.jar:/Users/dongbiao/.m2/repository/org/springframework/boot/spring-boot-starter-json/2.2.6.RELEASE/spring-boot-starter-json-2.2.6.RELEASE.jar:/Users/dongbiao/.m2/repository/com/fasterxml/jackson/core/jackson-databind/2.10.3/jackson-databind-2.10.3.jar:/Users/dongbiao/.m2/repository/com/fasterxml/jackson/core/jackson-annotations/2.10.3/jackson-annotations-2.10.3.jar:/Users/dongbiao/.m2/repository/com/fasterxml/jackson/core/jackson-core/2.10.3/jackson-core-2.10.3.jar:/Users/dongbiao/.m2/repository/com/fasterxml/jackson/datatype/jackson-datatype-jdk8/2.10.3/jackson-datatype-jdk8-2.10.3.jar:/Users/dongbiao/.m2/repository/com/fasterxml/jackson/datatype/jackson-datatype-jsr310/2.10.3/jackson-datatype-jsr310-2.10.3.jar:/Users/dongbiao/.m2/repository/com/fasterxml/jackson/module/jackson-module-parameter-names/2.10.3/jackson-module-parameter-names-2.10.3.jar:/Users/dongbiao/.m2/repository/org/springframework/boot/spring-boot-starter-tomcat/2.2.6.RELEASE/spring-boot-starter-tomcat-2.2.6.RELEASE.jar:/Users/dongbiao/.m2/repository/org/apache/tomcat/embed/tomcat-embed-core/9.0.33/tomcat-embed-core-9.0.33.jar:/Users/dongbiao/.m2/repository/org/apache/tomcat/embed/tomcat-embed-el/9.0.33/tomcat-embed-el-9.0.33.jar:/Users/dongbiao/.m2/repository/org/apache/tomcat/embed/tomcat-embed-websocket/9.0.33/tomcat-embed-websocket-9.0.33.jar:/Users/dongbiao/.m2/repository/org/springframework/boot/spring-boot-starter-validation/2.2.6.RELEASE/spring-boot-starter-validation-2.2.6.RELEASE.jar:/Users/dongbiao/.m2/repository/jakarta/validation/jakarta.validation-api/2.0.2/jakarta.validation-api-2.0.2.jar:/Users/dongbiao/.m2/repository/org/springframework/spring-web/5.2.5.RELEASE/spring-web-5.2.5.RELEASE.jar:/Users/dongbiao/.m2/repository/org/springframework/spring-beans/5.2.5.RELEASE/spring-beans-5.2.5.RELEASE.jar:/Users/dongbiao/.m2/repository/org/springframework/spring-webmvc/5.2.5.RELEASE/spring-webmvc-5.2.5.RELEASE.jar:/Users/dongbiao/.m2/repository/org/springframework/spring-aop/5.2.5.RELEASE/spring-aop-5.2.5.RELEASE.jar:/Users/dongbiao/.m2/repository/org/springframework/spring-expression/5.2.5.RELEASE/spring-expression-5.2.5.RELEASE.jar:/Users/dongbiao/.m2/repository/org/springframework/boot/spring-boot-starter-test/2.2.6.RELEASE/spring-boot-starter-test-2.2.6.RELEASE.jar:/Users/dongbiao/.m2/repository/org/springframework/boot/spring-boot-test/2.2.6.RELEASE/spring-boot-test-2.2.6.RELEASE.jar:/Users/dongbiao/.m2/repository/org/springframework/boot/spring-boot-test-autoconfigure/2.2.6.RELEASE/spring-boot-test-autoconfigure-2.2.6.RELEASE.jar:/Users/dongbiao/.m2/repository/com/jayway/jsonpath/json-path/2.4.0/json-path-2.4.0.jar:/Users/dongbiao/.m2/repository/net/minidev/json-smart/2.3/json-smart-2.3.jar:/Users/dongbiao/.m2/repository/net/minidev/accessors-smart/1.2/accessors-smart-1.2.jar:/Users/dongbiao/.m2/repository/org/ow2/asm/asm/5.0.4/asm-5.0.4.jar:/Users/dongbiao/.m2/repository/jakarta/xml/bind/jakarta.xml.bind-api/2.3.3/jakarta.xml.bind-api-2.3.3.jar:/Users/dongbiao/.m2/repository/jakarta/activation/jakarta.activation-api/1.2.2/jakarta.activation-api-1.2.2.jar:/Users/dongbiao/.m2/repository/org/junit/jupiter/junit-jupiter/5.5.2/junit-jupiter-5.5.2.jar:/Users/dongbiao/.m2/repository/org/junit/jupiter/junit-jupiter-api/5.5.2/junit-jupiter-api-5.5.2.jar:/Users/dongbiao/.m2/repository/org/apiguardian/apiguardian-api/1.1.0/apiguardian-api-1.1.0.jar:/Users/dongbiao/.m2/repository/org/opentest4j/opentest4j/1.2.0/opentest4j-1.2.0.jar:/Users/dongbiao/.m2/repository/org/junit/platform/junit-platform-commons/1.5.2/junit-platform-commons-1.5.2.jar:/Users/dongbiao/.m2/repository/org/junit/jupiter/junit-jupiter-params/5.5.2/junit-jupiter-params-5.5.2.jar:/Users/dongbiao/.m2/repository/org/junit/jupiter/junit-jupiter-engine/5.5.2/junit-jupiter-engine-5.5.2.jar:/Users/dongbiao/.m2/repository/org/junit/platform/junit-platform-engine/1.5.2/junit-platform-engine-1.5.2.jar:/Users/dongbiao/.m2/repository/org/mockito/mockito-junit-jupiter/3.1.0/mockito-junit-jupiter-3.1.0.jar:/Users/dongbiao/.m2/repository/org/assertj/assertj-core/3.13.2/assertj-core-3.13.2.jar:/Users/dongbiao/.m2/repository/org/hamcrest/hamcrest/2.1/hamcrest-2.1.jar:/Users/dongbiao/.m2/repository/org/mockito/mockito-core/3.1.0/mockito-core-3.1.0.jar:/Users/dongbiao/.m2/repository/net/bytebuddy/byte-buddy/1.10.8/byte-buddy-1.10.8.jar:/Users/dongbiao/.m2/repository/net/bytebuddy/byte-buddy-agent/1.10.8/byte-buddy-agent-1.10.8.jar:/Users/dongbiao/.m2/repository/org/objenesis/objenesis/2.6/objenesis-2.6.jar:/Users/dongbiao/.m2/repository/org/skyscreamer/jsonassert/1.5.0/jsonassert-1.5.0.jar:/Users/dongbiao/.m2/repository/com/vaadin/external/google/android-json/0.0.20131108.vaadin1/android-json-0.0.20131108.vaadin1.jar:/Users/dongbiao/.m2/repository/org/springframework/spring-core/5.2.5.RELEASE/spring-core-5.2.5.RELEASE.jar:/Users/dongbiao/.m2/repository/org/springframework/spring-jcl/5.2.5.RELEASE/spring-jcl-5.2.5.RELEASE.jar:/Users/dongbiao/.m2/repository/org/springframework/spring-test/5.2.5.RELEASE/spring-test-5.2.5.RELEASE.jar:/Users/dongbiao/.m2/repository/org/xmlunit/xmlunit-core/2.6.4/xmlunit-core-2.6.4.jar:/Users/dongbiao/.m2/repository/com/michelboudreau/alternator/0.12.0/alternator-0.12.0.jar:/Users/dongbiao/.m2/repository/org/apache/geronimo/specs/geronimo-servlet_3.0_spec/1.0/geronimo-servlet_3.0_spec-1.0.jar:/Users/dongbiao/.m2/repository/org/slf4j/slf4j-api/1.7.30/slf4j-api-1.7.30.jar:/Users/dongbiao/.m2/repository/org/slf4j/log4j-over-slf4j/1.7.30/log4j-over-slf4j-1.7.30.jar:/Users/dongbiao/.m2/repository/ch/qos/logback/logback-classic/1.2.3/logback-classic-1.2.3.jar:/Users/dongbiao/.m2/repository/ch/qos/logback/logback-core/1.2.3/logback-core-1.2.3.jar:/Users/dongbiao/.m2/repository/com/amazonaws/aws-java-sdk/1.10.5.1/aws-java-sdk-1.10.5.1.jar:/Users/dongbiao/.m2/repository/com/amazonaws/aws-java-sdk-support/1.10.5.1/aws-java-sdk-support-1.10.5.1.jar:/Users/dongbiao/.m2/repository/com/amazonaws/aws-java-sdk-simpledb/1.10.5.1/aws-java-sdk-simpledb-1.10.5.1.jar:/Users/dongbiao/.m2/repository/com/amazonaws/aws-java-sdk-simpleworkflow/1.10.5.1/aws-java-sdk-simpleworkflow-1.10.5.1.jar:/Users/dongbiao/.m2/repository/com/amazonaws/aws-java-sdk-storagegateway/1.10.5.1/aws-java-sdk-storagegateway-1.10.5.1.jar:/Users/dongbiao/.m2/repository/com/amazonaws/aws-java-sdk-route53/1.10.5.1/aws-java-sdk-route53-1.10.5.1.jar:/Users/dongbiao/.m2/repository/com/amazonaws/aws-java-sdk-importexport/1.10.5.1/aws-java-sdk-importexport-1.10.5.1.jar:/Users/dongbiao/.m2/repository/com/amazonaws/aws-java-sdk-sts/1.10.5.1/aws-java-sdk-sts-1.10.5.1.jar:/Users/dongbiao/.m2/repository/com/amazonaws/aws-java-sdk-sqs/1.10.5.1/aws-java-sdk-sqs-1.10.5.1.jar:/Users/dongbiao/.m2/repository/com/amazonaws/aws-java-sdk-rds/1.10.5.1/aws-java-sdk-rds-1.10.5.1.jar:/Users/dongbiao/.m2/repository/com/amazonaws/aws-java-sdk-redshift/1.10.5.1/aws-java-sdk-redshift-1.10.5.1.jar:/Users/dongbiao/.m2/repository/com/amazonaws/aws-java-sdk-elasticbeanstalk/1.10.5.1/aws-java-sdk-elasticbeanstalk-1.10.5.1.jar:/Users/dongbiao/.m2/repository/com/amazonaws/aws-java-sdk-glacier/1.10.5.1/aws-java-sdk-glacier-1.10.5.1.jar:/Users/dongbiao/.m2/repository/com/amazonaws/aws-java-sdk-iam/1.10.5.1/aws-java-sdk-iam-1.10.5.1.jar:/Users/dongbiao/.m2/repository/com/amazonaws/aws-java-sdk-datapipeline/1.10.5.1/aws-java-sdk-datapipeline-1.10.5.1.jar:/Users/dongbiao/.m2/repository/com/amazonaws/aws-java-sdk-elasticloadbalancing/1.10.5.1/aws-java-sdk-elasticloadbalancing-1.10.5.1.jar:/Users/dongbiao/.m2/repository/com/amazonaws/aws-java-sdk-emr/1.10.5.1/aws-java-sdk-emr-1.10.5.1.jar:/Users/dongbiao/.m2/repository/com/amazonaws/aws-java-sdk-elasticache/1.10.5.1/aws-java-sdk-elasticache-1.10.5.1.jar:/Users/dongbiao/.m2/repository/com/amazonaws/aws-java-sdk-elastictranscoder/1.10.5.1/aws-java-sdk-elastictranscoder-1.10.5.1.jar:/Users/dongbiao/.m2/repository/com/amazonaws/aws-java-sdk-ec2/1.10.5.1/aws-java-sdk-ec2-1.10.5.1.jar:/Users/dongbiao/.m2/repository/com/amazonaws/aws-java-sdk-sns/1.10.5.1/aws-java-sdk-sns-1.10.5.1.jar:/Users/dongbiao/.m2/repository/com/amazonaws/aws-java-sdk-cloudtrail/1.10.5.1/aws-java-sdk-cloudtrail-1.10.5.1.jar:/Users/dongbiao/.m2/repository/com/amazonaws/aws-java-sdk-cloudwatch/1.10.5.1/aws-java-sdk-cloudwatch-1.10.5.1.jar:/Users/dongbiao/.m2/repository/com/amazonaws/aws-java-sdk-logs/1.10.5.1/aws-java-sdk-logs-1.10.5.1.jar:/Users/dongbiao/.m2/repository/com/amazonaws/aws-java-sdk-cognitoidentity/1.10.5.1/aws-java-sdk-cognitoidentity-1.10.5.1.jar:/Users/dongbiao/.m2/repository/com/amazonaws/aws-java-sdk-cognitosync/1.10.5.1/aws-java-sdk-cognitosync-1.10.5.1.jar:/Users/dongbiao/.m2/repository/com/amazonaws/aws-java-sdk-directconnect/1.10.5.1/aws-java-sdk-directconnect-1.10.5.1.jar:/Users/dongbiao/.m2/repository/com/amazonaws/aws-java-sdk-cloudformation/1.10.5.1/aws-java-sdk-cloudformation-1.10.5.1.jar:/Users/dongbiao/.m2/repository/com/amazonaws/aws-java-sdk-cloudfront/1.10.5.1/aws-java-sdk-cloudfront-1.10.5.1.jar:/Users/dongbiao/.m2/repository/com/amazonaws/aws-java-sdk-kinesis/1.10.5.1/aws-java-sdk-kinesis-1.10.5.1.jar:/Users/dongbiao/.m2/repository/com/amazonaws/aws-java-sdk-opsworks/1.10.5.1/aws-java-sdk-opsworks-1.10.5.1.jar:/Users/dongbiao/.m2/repository/com/amazonaws/aws-java-sdk-ses/1.10.5.1/aws-java-sdk-ses-1.10.5.1.jar:/Users/dongbiao/.m2/repository/com/amazonaws/aws-java-sdk-autoscaling/1.10.5.1/aws-java-sdk-autoscaling-1.10.5.1.jar:/Users/dongbiao/.m2/repository/com/amazonaws/aws-java-sdk-cloudsearch/1.10.5.1/aws-java-sdk-cloudsearch-1.10.5.1.jar:/Users/dongbiao/.m2/repository/com/amazonaws/aws-java-sdk-cloudwatchmetrics/1.10.5.1/aws-java-sdk-cloudwatchmetrics-1.10.5.1.jar:/Users/dongbiao/.m2/repository/com/amazonaws/aws-java-sdk-swf-libraries/1.10.5.1/aws-java-sdk-swf-libraries-1.10.5.1.jar:/Users/dongbiao/.m2/repository/com/amazonaws/aws-java-sdk-codedeploy/1.10.5.1/aws-java-sdk-codedeploy-1.10.5.1.jar:/Users/dongbiao/.m2/repository/com/amazonaws/aws-java-sdk-codepipeline/1.10.5.1/aws-java-sdk-codepipeline-1.10.5.1.jar:/Users/dongbiao/.m2/repository/com/amazonaws/aws-java-sdk-kms/1.10.5.1/aws-java-sdk-kms-1.10.5.1.jar:/Users/dongbiao/.m2/repository/com/amazonaws/aws-java-sdk-config/1.10.5.1/aws-java-sdk-config-1.10.5.1.jar:/Users/dongbiao/.m2/repository/com/amazonaws/aws-java-sdk-lambda/1.10.5.1/aws-java-sdk-lambda-1.10.5.1.jar:/Users/dongbiao/.m2/repository/com/amazonaws/aws-java-sdk-ecs/1.10.5.1/aws-java-sdk-ecs-1.10.5.1.jar:/Users/dongbiao/.m2/repository/com/amazonaws/aws-java-sdk-cloudhsm/1.10.5.1/aws-java-sdk-cloudhsm-1.10.5.1.jar:/Users/dongbiao/.m2/repository/com/amazonaws/aws-java-sdk-ssm/1.10.5.1/aws-java-sdk-ssm-1.10.5.1.jar:/Users/dongbiao/.m2/repository/com/amazonaws/aws-java-sdk-workspaces/1.10.5.1/aws-java-sdk-workspaces-1.10.5.1.jar:/Users/dongbiao/.m2/repository/com/amazonaws/aws-java-sdk-machinelearning/1.10.5.1/aws-java-sdk-machinelearning-1.10.5.1.jar:/Users/dongbiao/.m2/repository/com/amazonaws/aws-java-sdk-directory/1.10.5.1/aws-java-sdk-directory-1.10.5.1.jar:/Users/dongbiao/.m2/repository/com/amazonaws/aws-java-sdk-efs/1.10.5.1/aws-java-sdk-efs-1.10.5.1.jar:/Users/dongbiao/.m2/repository/com/amazonaws/aws-java-sdk-codecommit/1.10.5.1/aws-java-sdk-codecommit-1.10.5.1.jar:/Users/dongbiao/.m2/repository/com/amazonaws/aws-java-sdk-devicefarm/1.10.5.1/aws-java-sdk-devicefarm-1.10.5.1.jar:/Users/dongbiao/.m2/repository/org/eclipse/jetty/jetty-server/9.4.27.v20200227/jetty-server-9.4.27.v20200227.jar:/Users/dongbiao/.m2/repository/javax/servlet/javax.servlet-api/4.0.1/javax.servlet-api-4.0.1.jar:/Users/dongbiao/.m2/repository/org/eclipse/jetty/jetty-http/9.4.27.v20200227/jetty-http-9.4.27.v20200227.jar:/Users/dongbiao/.m2/repository/org/eclipse/jetty/jetty-util/9.4.27.v20200227/jetty-util-9.4.27.v20200227.jar:/Users/dongbiao/.m2/repository/org/eclipse/jetty/jetty-io/9.4.27.v20200227/jetty-io-9.4.27.v20200227.jar:/Users/dongbiao/.m2/repository/org/eclipse/jetty/jetty-servlet/9.4.27.v20200227/jetty-servlet-9.4.27.v20200227.jar:/Users/dongbiao/.m2/repository/org/eclipse/jetty/jetty-security/9.4.27.v20200227/jetty-security-9.4.27.v20200227.jar:/Users/dongbiao/.m2/repository/javax/inject/javax.inject/1/javax.inject-1.jar:/Users/dongbiao/.m2/repository/cglib/cglib-nodep/2.2.2/cglib-nodep-2.2.2.jar:/Users/dongbiao/.m2/repository/com/amazonaws/aws-java-sdk-dynamodb/1.11.135/aws-java-sdk-dynamodb-1.11.135.jar:/Users/dongbiao/.m2/repository/com/amazonaws/aws-java-sdk-s3/1.11.135/aws-java-sdk-s3-1.11.135.jar:/Users/dongbiao/.m2/repository/com/amazonaws/aws-java-sdk-core/1.11.135/aws-java-sdk-core-1.11.135.jar:/Users/dongbiao/.m2/repository/commons-logging/commons-logging/1.1.3/commons-logging-1.1.3.jar:/Users/dongbiao/.m2/repository/org/apache/httpcomponents/httpclient/4.5.12/httpclient-4.5.12.jar:/Users/dongbiao/.m2/repository/org/apache/httpcomponents/httpcore/4.4.13/httpcore-4.4.13.jar:/Users/dongbiao/.m2/repository/commons-codec/commons-codec/1.13/commons-codec-1.13.jar:/Users/dongbiao/.m2/repository/software/amazon/ion/ion-java/1.0.2/ion-java-1.0.2.jar:/Users/dongbiao/.m2/repository/com/fasterxml/jackson/dataformat/jackson-dataformat-cbor/2.10.3/jackson-dataformat-cbor-2.10.3.jar:/Users/dongbiao/.m2/repository/joda-time/joda-time/2.10.5/joda-time-2.10.5.jar:/Users/dongbiao/.m2/repository/com/amazonaws/jmespath-java/1.11.135/jmespath-java-1.11.135.jar:/Users/dongbiao/.m2/repository/com/github/derjust/spring-data-dynamodb/5.1.0/spring-data-dynamodb-5.1.0.jar:/Users/dongbiao/.m2/repository/org/springframework/spring-context/5.2.5.RELEASE/spring-context-5.2.5.RELEASE.jar:/Users/dongbiao/.m2/repository/org/springframework/spring-tx/5.2.5.RELEASE/spring-tx-5.2.5.RELEASE.jar:/Users/dongbiao/.m2/repository/org/springframework/data/spring-data-commons/2.1.16.RELEASE/spring-data-commons-2.1.16.RELEASE.jar:/Users/dongbiao/.m2/repository/org/hibernate/validator/hibernate-validator/6.0.18.Final/hibernate-validator-6.0.18.Final.jar:/Users/dongbiao/.m2/repository/javax/validation/validation-api/2.0.1.Final/validation-api-2.0.1.Final.jar:/Users/dongbiao/.m2/repository/org/jboss/logging/jboss-logging/3.4.1.Final/jboss-logging-3.4.1.Final.jar:/Users/dongbiao/.m2/repository/com/fasterxml/classmate/1.5.1/classmate-1.5.1.jar:/Users/dongbiao/.m2/repository/javax/enterprise/cdi-api/1.2/cdi-api-1.2.jar:/Users/dongbiao/.m2/repository/javax/el/javax.el-api/3.0.0/javax.el-api-3.0.0.jar:/Users/dongbiao/.m2/repository/javax/interceptor/javax.interceptor-api/1.2/javax.interceptor-api-1.2.jar:"/>
    <property name="sun.cpu.endian" value="little"/>
    <property name="user.home" value="/Users/dongbiao"/>
    <property name="user.language" value="en"/>
    <property name="java.specification.vendor" value="Oracle Corporation"/>
    <property name="java.home" value="/Library/Java/JavaVirtualMachines/adoptopenjdk-8.jdk/Contents/Home/jre"/>
    <property name="basedir" value="/Users/dongbiao/Projects/movies"/>
    <property name="file.separator" value="/"/>
    <property name="line.separator" value="&#10;"/>
    <property name="java.vm.specification.vendor" value="Oracle Corporation"/>
    <property name="java.specification.name" value="Java Platform API Specification"/>
    <property name="java.awt.graphicsenv" value="sun.awt.CGraphicsEnvironment"/>
    <property name="surefire.real.class.path" value="/Users/dongbiao/Projects/movies/target/surefire/surefirebooter1460700646984127120.jar"/>
    <property name="sun.boot.class.path" value="/Library/Java/JavaVirtualMachines/adoptopenjdk-8.jdk/Contents/Home/jre/lib/resources.jar:/Library/Java/JavaVirtualMachines/adoptopenjdk-8.jdk/Contents/Home/jre/lib/rt.jar:/Library/Java/JavaVirtualMachines/adoptopenjdk-8.jdk/Contents/Home/jre/lib/sunrsasign.jar:/Library/Java/JavaVirtualMachines/adoptopenjdk-8.jdk/Contents/Home/jre/lib/jsse.jar:/Library/Java/JavaVirtualMachines/adoptopenjdk-8.jdk/Contents/Home/jre/lib/jce.jar:/Library/Java/JavaVirtualMachines/adoptopenjdk-8.jdk/Contents/Home/jre/lib/charsets.jar:/Library/Java/JavaVirtualMachines/adoptopenjdk-8.jdk/Contents/Home/jre/lib/jfr.jar:/Library/Java/JavaVirtualMachines/adoptopenjdk-8.jdk/Contents/Home/jre/classes"/>
    <property name="sun.management.compiler" value="HotSpot 64-Bit Tiered Compilers"/>
    <property name="java.runtime.version" value="1.8.0_222-b10"/>
    <property name="user.name" value="dongbiao"/>
    <property name="path.separator" value=":"/>
    <property name="os.version" value="10.14.6"/>
    <property name="java.endorsed.dirs" value="/Library/Java/JavaVirtualMachines/adoptopenjdk-8.jdk/Contents/Home/jre/lib/endorsed"/>
    <property name="java.runtime.name" value="OpenJDK Runtime Environment"/>
    <property name="file.encoding" value="UTF-8"/>
    <property name="java.vm.name" value="OpenJDK 64-Bit Server VM"/>
    <property name="localRepository" value="/Users/dongbiao/.m2/repository"/>
    <property name="java.vendor.url.bug" value="http://bugreport.sun.com/bugreport/"/>
    <property name="java.io.tmpdir" value="/var/folders/4y/z55n6gjx7g7bhtxv6w8r_8dm0000gn/T/"/>
    <property name="java.version" value="1.8.0_222"/>
    <property name="user.dir" value="/Users/dongbiao/Projects/movies"/>
    <property name="os.arch" value="x86_64"/>
    <property name="java.vm.specification.name" value="Java Virtual Machine Specification"/>
    <property name="java.awt.printerjob" value="sun.lwawt.macosx.CPrinterJob"/>
    <property name="sun.os.patch.level" value="unknown"/>
    <property name="idea.version2019.3.4" value="true"/>
    <property name="java.library.path" value="/Users/dongbiao/Library/Java/Extensions:/Library/Java/Extensions:/Network/Library/Java/Extensions:/System/Library/Java/Extensions:/usr/lib/java:."/>
    <property name="java.vm.info" value="mixed mode"/>
    <property name="java.vendor" value="AdoptOpenJDK"/>
    <property name="java.vm.version" value="25.222-b10"/>
    <property name="java.ext.dirs" value="/Users/dongbiao/Library/Java/Extensions:/Library/Java/JavaVirtualMachines/adoptopenjdk-8.jdk/Contents/Home/jre/lib/ext:/Library/Java/Extensions:/Network/Library/Java/Extensions:/System/Library/Java/Extensions:/usr/lib/java"/>
    <property name="sun.io.unicode.encoding" value="UnicodeBig"/>
    <property name="java.class.version" value="52.0"/>
  </properties>
  <testcase name="contextLoads" classname="com.dongbiao.operatedynamodb.MoviesApplicationTests" time="0.275"/>
</testsuite>